samples/navi-consumer/build/intermediates/manifest_merge_blame_file/debug/manifest-merger-blame-debug-report.txt
1<?xml version="1.0" encoding="utf-8"?>
2<manifest xmlns:android="http://schemas.android.com/apk/res/android"
3    package="com.baic.navi"
4    android:versionCode="1"
5    android:versionName="1.0" >
6
7    <uses-sdk
8        android:minSdkVersion="28"
9        android:targetSdkVersion="34" />
10
11    <!-- Android 11+ 包可见性：声明要 bind 的目标包，否则查询/绑定不到（§4） -->
12    <queries>
12-->src/main/AndroidManifest.xml:5:5-8:15
13        <package android:name="com.baic.usercenter" />
13-->src/main/AndroidManifest.xml:6:9-55
13-->src/main/AndroidManifest.xml:6:18-52
14        <package android:name="com.baic.media" />
14-->src/main/AndroidManifest.xml:7:9-50
14-->src/main/AndroidManifest.xml:7:18-47
15    </queries>
16
17    <permission
17-->[:core:lite] AndroidManifest.xml:11:5-13:47
18        android:name="com.baic.bridge.permission.LINK"
18-->[:core:lite] AndroidManifest.xml:12:9-55
19        android:protectionLevel="signature" />
19-->[:core:lite] AndroidManifest.xml:13:9-44
20
21    <uses-permission android:name="com.baic.bridge.permission.LINK" />
21-->[:core:lite] AndroidManifest.xml:15:5-71
21-->[:core:lite] AndroidManifest.xml:15:22-68
22
23    <application
23-->src/main/AndroidManifest.xml:10:5-20:19
24        android:name="com.baic.navi.NaviApp"
24-->src/main/AndroidManifest.xml:11:9-32
25        android:allowBackup="false"
25-->src/main/AndroidManifest.xml:13:9-36
26        android:debuggable="true"
27        android:extractNativeLibs="false"
28        android:label="导航(账号Consumer)" >
28-->src/main/AndroidManifest.xml:12:9-39
29        <activity
29-->src/main/AndroidManifest.xml:14:9-19:20
30            android:name="com.baic.navi.MainActivity"
30-->src/main/AndroidManifest.xml:14:19-47
31            android:exported="true" >
31-->src/main/AndroidManifest.xml:14:48-71
32            <intent-filter>
32-->src/main/AndroidManifest.xml:15:13-18:29
33                <action android:name="android.intent.action.MAIN" />
33-->src/main/AndroidManifest.xml:16:17-69
33-->src/main/AndroidManifest.xml:16:25-66
34
35                <category android:name="android.intent.category.LAUNCHER" />
35-->src/main/AndroidManifest.xml:17:17-77
35-->src/main/AndroidManifest.xml:17:27-74
36            </intent-filter>
37        </activity>
38    </application>
39
40</manifest>